{
  "RSpec": {
    "coverage": {
      "/Users/student/projects/week10/bank_tech_test/spec/account_spec.rb": {
        "lines": [
          null,
          null,
          1,
          1,
          null,
          1,
          8,
          8,
          8,
          null,
          1,
          8,
          null,
          null,
          1,
          1,
          4,
          null,
          null,
          1,
          1,
          1,
          null,
          null,
          1,
          2,
          null,
          null,
          1,
          2,
          null,
          null,
          null,
          1,
          1,
          1,
          4,
          null,
          null,
          1,
          2,
          null,
          null,
          1,
          2,
          null,
          null,
          null,
          1,
          1,
          4,
          2,
          null,
          null,
          null
        ]
      },
      "/Users/student/projects/week10/bank_tech_test/lib/account.rb": {
        "lines": [
          null,
          null,
          1,
          1,
          null,
          1,
          14,
          14,
          14,
          14,
          14,
          14,
          null,
          null,
          1,
          18,
          null,
          18,
          null,
          null,
          1,
          10,
          null,
          6,
          null,
          null,
          1,
          7,
          7,
          7,
          null,
          null,
          1,
          null,
          1,
          7,
          7,
          7,
          null,
          null,
          1,
          7,
          7,
          7,
          null,
          null,
          1,
          7,
          null,
          null,
          1,
          7,
          null,
          null,
          1,
          7,
          null,
          null,
          1,
          7,
          7,
          7,
          21,
          21,
          21,
          21,
          null,
          null,
          null,
          1,
          21,
          21,
          6,
          null,
          15,
          null,
          null,
          null,
          1,
          21,
          6,
          null,
          15,
          null,
          null,
          null,
          1,
          42,
          null,
          null,
          null,
          1,
          42,
          null,
          null,
          1,
          28,
          null,
          null,
          1,
          21,
          null,
          null,
          1,
          7,
          2,
          null,
          5,
          null,
          null,
          null
        ]
      },
      "/Users/student/projects/week10/bank_tech_test/spec/features/print_statement_with_all_three_options_spec.rb": {
        "lines": [
          null,
          null,
          1,
          null,
          1,
          1,
          1,
          null,
          null,
          1,
          1,
          1,
          1,
          1,
          2,
          null,
          null
        ]
      },
      "/Users/student/projects/week10/bank_tech_test/spec/features/print_statement_with_american_date_spec.rb": {
        "lines": [
          null,
          null,
          1,
          null,
          1,
          1,
          1,
          null,
          null,
          1,
          1,
          1,
          1,
          1,
          2,
          null,
          null
        ]
      },
      "/Users/student/projects/week10/bank_tech_test/spec/features/print_statement_with_reverse_columns_spec.rb": {
        "lines": [
          null,
          null,
          1,
          null,
          1,
          1,
          1,
          null,
          null,
          1,
          1,
          1,
          1,
          1,
          2,
          null,
          null
        ]
      },
      "/Users/student/projects/week10/bank_tech_test/spec/features/print_statement_with_three_columns_spec.rb": {
        "lines": [
          null,
          null,
          1,
          null,
          1,
          1,
          1,
          null,
          null,
          1,
          1,
          1,
          1,
          1,
          2,
          null,
          null
        ]
      },
      "/Users/student/projects/week10/bank_tech_test/spec/features/user_can_add_backdated_transactions_spec.rb": {
        "lines": [
          null,
          null,
          1,
          null,
          1,
          1,
          1,
          1,
          1,
          1,
          2,
          null,
          null
        ]
      },
      "/Users/student/projects/week10/bank_tech_test/spec/features/user_can_view_transactions_spec.rb": {
        "lines": [
          null,
          null,
          1,
          null,
          1,
          1,
          1,
          null,
          null,
          1,
          1,
          1,
          1,
          1,
          2,
          null,
          null
        ]
      },
      "/Users/student/projects/week10/bank_tech_test/spec/transaction_spec.rb": {
        "lines": [
          null,
          null,
          1
        ]
      },
      "/Users/student/projects/week10/bank_tech_test/lib/transaction.rb": {
        "lines": [
          null,
          null,
          1,
          1,
          null,
          1,
          19,
          19,
          null,
          null
        ]
      }
    },
    "timestamp": 757382400
  }
}
